<?xml version="1.0" encoding="UTF-8"?>
<!-- Generated by org.testng.reporters.JUnitReportReporter -->
<testsuite skipped="0" hostname="LAPTOP-3D7GI183" name="com.main.Barcodetest" tests="1" failures="0" timestamp="2020-05-10T19:56:31 IST" time="15.419" errors="0">
  <testcase name="barcode" time="15.419" classname="com.main.Barcodetest"/>
  <system-out/>
</testsuite> <!-- com.main.Barcodetest -->
