<?xml version="1.0" encoding="UTF-8"?>
<!-- Generated by org.testng.reporters.JUnitReportReporter -->
<testsuite skipped="0" hostname="LAPTOP-3D7GI183" name="com.main.VideoRecorder_Test" tests="1" failures="0" timestamp="2020-05-14T11:03:11 IST" time="10.494" errors="0">
  <testcase name="verifyLinks" time="10.494" classname="com.main.VideoRecorder_Test"/>
  <system-out/>
</testsuite> <!-- com.main.VideoRecorder_Test -->
